STDOUT:
============================= test session starts ==============================
platform darwin -- Python 3.12.13, pytest-9.0.2, pluggy-1.6.0
rootdir: /private/tmp/polecats/polecat-505
plugins: anyio-4.12.1, asyncio-1.3.0
asyncio: mode=Mode.STRICT, debug=False, asyncio_default_fixture_loop_scope=None, asyncio_default_test_loop_scope=function
collected 2 items

tests/test_sanity.py ..                                                  [100%]

============================== 2 passed in 0.02s ===============================


STDERR:
